d:\o\hmld\prospect\videocapture\debug\videocapture.pch
d:\o\hmld\prospect\videocapture\debug\vc141.pdb
d:\o\hmld\prospect\videocapture\debug\vc141.idb
d:\o\hmld\prospect\videocapture\debug\stdafx.obj
d:\o\hmld\prospect\videocapture\debug\videocapture.obj
d:\o\hmld\prospect\videocapture\debug\status.obj
d:\o\hmld\prospect\videocapture\debug\md5.obj
d:\o\hmld\prospect\videocapture\debug\aes.obj
d:\o\hmld\prospect\videocapture\debug\dllmain.obj
d:\o\hmld\prospect\prospect\bin\debug\videocapture.dll
d:\o\hmld\prospect\prospect\bin\debug\videocapture.ilk
d:\o\hmld\prospect\prospect\bin\debug\videocapture.pdb
d:\o\hmld\prospect\prospect\bin\debug\videocapture.lib
d:\o\hmld\prospect\prospect\bin\debug\videocapture.exp
d:\o\hmld\prospect\videocapture\debug\videocapture.tlog\cl.command.1.tlog
d:\o\hmld\prospect\videocapture\debug\videocapture.tlog\cl.read.1.tlog
d:\o\hmld\prospect\videocapture\debug\videocapture.tlog\cl.write.1.tlog
d:\o\hmld\prospect\videocapture\debug\videocapture.tlog\link.command.1.tlog
d:\o\hmld\prospect\videocapture\debug\videocapture.tlog\link.read.1.tlog
d:\o\hmld\prospect\videocapture\debug\videocapture.tlog\link.write.1.tlog
d:\o\hmld\prospect\videocapture\debug\videocapture.tlog\videocapture.write.1u.tlog
